<?xml version="1.0" encoding="UTF-8"?>
<!-- Generated by org.testng.reporters.JUnitReportReporter -->
<testsuite skipped="0" hostname="NADRA" name="com.sn.test.ng.ShipTest" tests="9" failures="0" timestamp="10 Oct 2017 00:21:35 GMT" time="0.028" errors="0">
  <testcase name="whenReceiveCommandFThenForward" time="0.001" classname="com.sn.test.ng.ShipTest"/>
  <testcase name="whenInstantiatedThenLocationISet" time="0.003" classname="com.sn.test.ng.ShipTest"/>
  <testcase name="whenMoveForwardTenForward" time="0.004" classname="com.sn.test.ng.ShipTest"/>
  <testcase name="whenReceiveCommandsAllAreExecuted" time="0.002" classname="com.sn.test.ng.ShipTest"/>
  <testcase name="whenTurnRightThenRight" time="0.001" classname="com.sn.test.ng.ShipTest"/>
  <testcase name="givenEastWhenMoveForwardThenXIncreases" time="0.006" classname="com.sn.test.ng.ShipTest"/>
  <testcase name="whenMoveBackwardThenBackward" time="0.007" classname="com.sn.test.ng.ShipTest"/>
  <testcase name="givenNorthWhenMoveForwardThenYDecreases" time="0.001" classname="com.sn.test.ng.ShipTest"/>
  <testcase name="whenTurnLeftThenLeft" time="0.003" classname="com.sn.test.ng.ShipTest"/>
</testsuite> <!-- com.sn.test.ng.ShipTest -->
